The target system is: Generic -  - 
The host system is: Darwin - 16.7.0 - x86_64
Compiling the C compiler identification source file "CMakeCCompilerId.c" succeeded.
Compiler: /usr/local/bin/gcc-arm-none-eabi-5_4-2016q3/bin/arm-none-eabi-gcc 
Build flags: 
Id flags: -c 

The output was:
0


Compilation of the C compiler identification source "CMakeCCompilerId.c" produced "CMakeCCompilerId.o"

The C compiler identification is GNU, found in "/Users/christianfuller/Desktop/crystallhand-controller/Keyboards/canvas-r.gcc/CMakeFiles/3.9.4/CompilerIdC/CMakeCCompilerId.o"

Determining if the C compiler works passed with the following output:
Change Dir: /Users/christianfuller/Desktop/crystallhand-controller/Keyboards/canvas-r.gcc/CMakeFiles/CMakeTmp

Run Build Command:"/usr/bin/make" "cmTC_dad10/fast"
/Applications/Xcode.app/Contents/Developer/usr/bin/make -f CMakeFiles/cmTC_dad10.dir/build.make CMakeFiles/cmTC_dad10.dir/build
Building C object CMakeFiles/cmTC_dad10.dir/testCCompiler.c.obj
/usr/local/bin/gcc-arm-none-eabi-5_4-2016q3/bin/arm-none-eabi-gcc    -o CMakeFiles/cmTC_dad10.dir/testCCompiler.c.obj   -c /Users/christianfuller/Desktop/crystallhand-controller/Keyboards/canvas-r.gcc/CMakeFiles/CMakeTmp/testCCompiler.c
Linking C static library libcmTC_dad10.a
/usr/local/Cellar/cmake/3.9.4_1/bin/cmake -P CMakeFiles/cmTC_dad10.dir/cmake_clean_target.cmake
/usr/local/Cellar/cmake/3.9.4_1/bin/cmake -E cmake_link_script CMakeFiles/cmTC_dad10.dir/link.txt --verbose=1
/usr/local/bin/gcc-arm-none-eabi-5_4-2016q3/bin/arm-none-eabi-ar qc libcmTC_dad10.a  CMakeFiles/cmTC_dad10.dir/testCCompiler.c.obj
/usr/local/bin/gcc-arm-none-eabi-5_4-2016q3/bin/arm-none-eabi-ranlib libcmTC_dad10.a


Detecting C compiler ABI info compiled with the following output:
Change Dir: /Users/christianfuller/Desktop/crystallhand-controller/Keyboards/canvas-r.gcc/CMakeFiles/CMakeTmp

Run Build Command:"/usr/bin/make" "cmTC_49f87/fast"
/Applications/Xcode.app/Contents/Developer/usr/bin/make -f CMakeFiles/cmTC_49f87.dir/build.make CMakeFiles/cmTC_49f87.dir/build
Building C object CMakeFiles/cmTC_49f87.dir/CMakeCCompilerABI.c.obj
/usr/local/bin/gcc-arm-none-eabi-5_4-2016q3/bin/arm-none-eabi-gcc    -o CMakeFiles/cmTC_49f87.dir/CMakeCCompilerABI.c.obj   -c /usr/local/Cellar/cmake/3.9.4_1/share/cmake/Modules/CMakeCCompilerABI.c
Linking C static library libcmTC_49f87.a
/usr/local/Cellar/cmake/3.9.4_1/bin/cmake -P CMakeFiles/cmTC_49f87.dir/cmake_clean_target.cmake
/usr/local/Cellar/cmake/3.9.4_1/bin/cmake -E cmake_link_script CMakeFiles/cmTC_49f87.dir/link.txt --verbose=1
/usr/local/bin/gcc-arm-none-eabi-5_4-2016q3/bin/arm-none-eabi-ar qc libcmTC_49f87.a  CMakeFiles/cmTC_49f87.dir/CMakeCCompilerABI.c.obj
/usr/local/bin/gcc-arm-none-eabi-5_4-2016q3/bin/arm-none-eabi-ranlib libcmTC_49f87.a


Parsed C implicit link information from above output:
  link line regex: [^( *|.*[/\])(arm-none-eabi-ld|CMAKE_LINK_STARTFILE-NOTFOUND|([^/\]+-)?ld|collect2)[^/\]*( |$)]
  ignore line: [Change Dir: /Users/christianfuller/Desktop/crystallhand-controller/Keyboards/canvas-r.gcc/CMakeFiles/CMakeTmp]
  ignore line: []
  ignore line: [Run Build Command:"/usr/bin/make" "cmTC_49f87/fast"]
  ignore line: [/Applications/Xcode.app/Contents/Developer/usr/bin/make -f CMakeFiles/cmTC_49f87.dir/build.make CMakeFiles/cmTC_49f87.dir/build]
  ignore line: [Building C object CMakeFiles/cmTC_49f87.dir/CMakeCCompilerABI.c.obj]
  ignore line: [/usr/local/bin/gcc-arm-none-eabi-5_4-2016q3/bin/arm-none-eabi-gcc    -o CMakeFiles/cmTC_49f87.dir/CMakeCCompilerABI.c.obj   -c /usr/local/Cellar/cmake/3.9.4_1/share/cmake/Modules/CMakeCCompilerABI.c]
  ignore line: [Linking C static library libcmTC_49f87.a]
  ignore line: [/usr/local/Cellar/cmake/3.9.4_1/bin/cmake -P CMakeFiles/cmTC_49f87.dir/cmake_clean_target.cmake]
  ignore line: [/usr/local/Cellar/cmake/3.9.4_1/bin/cmake -E cmake_link_script CMakeFiles/cmTC_49f87.dir/link.txt --verbose=1]
  ignore line: [/usr/local/bin/gcc-arm-none-eabi-5_4-2016q3/bin/arm-none-eabi-ar qc libcmTC_49f87.a  CMakeFiles/cmTC_49f87.dir/CMakeCCompilerABI.c.obj]
  ignore line: [/usr/local/bin/gcc-arm-none-eabi-5_4-2016q3/bin/arm-none-eabi-ranlib libcmTC_49f87.a]
  ignore line: []
  implicit libs: []
  implicit dirs: []
  implicit fwks: []




Detecting C [-std=c11] compiler features compiled with the following output:
Change Dir: /Users/christianfuller/Desktop/crystallhand-controller/Keyboards/canvas-r.gcc/CMakeFiles/CMakeTmp

Run Build Command:"/usr/bin/make" "cmTC_ea7f4/fast"
/Applications/Xcode.app/Contents/Developer/usr/bin/make -f CMakeFiles/cmTC_ea7f4.dir/build.make CMakeFiles/cmTC_ea7f4.dir/build
Building C object CMakeFiles/cmTC_ea7f4.dir/feature_tests.c.obj
/usr/local/bin/gcc-arm-none-eabi-5_4-2016q3/bin/arm-none-eabi-gcc   -std=c11 -o CMakeFiles/cmTC_ea7f4.dir/feature_tests.c.obj   -c /Users/christianfuller/Desktop/crystallhand-controller/Keyboards/canvas-r.gcc/CMakeFiles/feature_tests.c
Linking C static library libcmTC_ea7f4.a
/usr/local/Cellar/cmake/3.9.4_1/bin/cmake -P CMakeFiles/cmTC_ea7f4.dir/cmake_clean_target.cmake
/usr/local/Cellar/cmake/3.9.4_1/bin/cmake -E cmake_link_script CMakeFiles/cmTC_ea7f4.dir/link.txt --verbose=1
/usr/local/bin/gcc-arm-none-eabi-5_4-2016q3/bin/arm-none-eabi-ar qc libcmTC_ea7f4.a  CMakeFiles/cmTC_ea7f4.dir/feature_tests.c.obj
/usr/local/bin/gcc-arm-none-eabi-5_4-2016q3/bin/arm-none-eabi-ranlib libcmTC_ea7f4.a


    Feature record: C_FEATURE:1c_function_prototypes
    Feature record: C_FEATURE:1c_restrict
    Feature record: C_FEATURE:1c_static_assert
    Feature record: C_FEATURE:1c_variadic_macros


Detecting C [-std=c99] compiler features compiled with the following output:
Change Dir: /Users/christianfuller/Desktop/crystallhand-controller/Keyboards/canvas-r.gcc/CMakeFiles/CMakeTmp

Run Build Command:"/usr/bin/make" "cmTC_7c16c/fast"
/Applications/Xcode.app/Contents/Developer/usr/bin/make -f CMakeFiles/cmTC_7c16c.dir/build.make CMakeFiles/cmTC_7c16c.dir/build
Building C object CMakeFiles/cmTC_7c16c.dir/feature_tests.c.obj
/usr/local/bin/gcc-arm-none-eabi-5_4-2016q3/bin/arm-none-eabi-gcc   -std=c99 -o CMakeFiles/cmTC_7c16c.dir/feature_tests.c.obj   -c /Users/christianfuller/Desktop/crystallhand-controller/Keyboards/canvas-r.gcc/CMakeFiles/feature_tests.c
Linking C static library libcmTC_7c16c.a
/usr/local/Cellar/cmake/3.9.4_1/bin/cmake -P CMakeFiles/cmTC_7c16c.dir/cmake_clean_target.cmake
/usr/local/Cellar/cmake/3.9.4_1/bin/cmake -E cmake_link_script CMakeFiles/cmTC_7c16c.dir/link.txt --verbose=1
/usr/local/bin/gcc-arm-none-eabi-5_4-2016q3/bin/arm-none-eabi-ar qc libcmTC_7c16c.a  CMakeFiles/cmTC_7c16c.dir/feature_tests.c.obj
/usr/local/bin/gcc-arm-none-eabi-5_4-2016q3/bin/arm-none-eabi-ranlib libcmTC_7c16c.a


    Feature record: C_FEATURE:1c_function_prototypes
    Feature record: C_FEATURE:1c_restrict
    Feature record: C_FEATURE:0c_static_assert
    Feature record: C_FEATURE:1c_variadic_macros


Detecting C [-std=c90] compiler features compiled with the following output:
Change Dir: /Users/christianfuller/Desktop/crystallhand-controller/Keyboards/canvas-r.gcc/CMakeFiles/CMakeTmp

Run Build Command:"/usr/bin/make" "cmTC_86103/fast"
/Applications/Xcode.app/Contents/Developer/usr/bin/make -f CMakeFiles/cmTC_86103.dir/build.make CMakeFiles/cmTC_86103.dir/build
Building C object CMakeFiles/cmTC_86103.dir/feature_tests.c.obj
/usr/local/bin/gcc-arm-none-eabi-5_4-2016q3/bin/arm-none-eabi-gcc   -std=c90 -o CMakeFiles/cmTC_86103.dir/feature_tests.c.obj   -c /Users/christianfuller/Desktop/crystallhand-controller/Keyboards/canvas-r.gcc/CMakeFiles/feature_tests.c
Linking C static library libcmTC_86103.a
/usr/local/Cellar/cmake/3.9.4_1/bin/cmake -P CMakeFiles/cmTC_86103.dir/cmake_clean_target.cmake
/usr/local/Cellar/cmake/3.9.4_1/bin/cmake -E cmake_link_script CMakeFiles/cmTC_86103.dir/link.txt --verbose=1
/usr/local/bin/gcc-arm-none-eabi-5_4-2016q3/bin/arm-none-eabi-ar qc libcmTC_86103.a  CMakeFiles/cmTC_86103.dir/feature_tests.c.obj
/usr/local/bin/gcc-arm-none-eabi-5_4-2016q3/bin/arm-none-eabi-ranlib libcmTC_86103.a


    Feature record: C_FEATURE:1c_function_prototypes
    Feature record: C_FEATURE:0c_restrict
    Feature record: C_FEATURE:0c_static_assert
    Feature record: C_FEATURE:0c_variadic_macros
