The target system is: Generic -  - 
The host system is: Darwin - 16.7.0 - x86_64
Compiling the C compiler identification source file "CMakeCCompilerId.c" succeeded.
Compiler: /usr/local/bin/gcc-arm-none-eabi-5_4-2016q3/bin/arm-none-eabi-gcc 
Build flags: 
Id flags: -c 

The output was:
0


Compilation of the C compiler identification source "CMakeCCompilerId.c" produced "CMakeCCompilerId.o"

The C compiler identification is GNU, found in "/Users/christianfuller/Desktop/crystallhand-controller/Keyboards/canvas-l.gcc/CMakeFiles/3.9.4/CompilerIdC/CMakeCCompilerId.o"

Determining if the C compiler works passed with the following output:
Change Dir: /Users/christianfuller/Desktop/crystallhand-controller/Keyboards/canvas-l.gcc/CMakeFiles/CMakeTmp

Run Build Command:"/usr/bin/make" "cmTC_8a528/fast"
/Applications/Xcode.app/Contents/Developer/usr/bin/make -f CMakeFiles/cmTC_8a528.dir/build.make CMakeFiles/cmTC_8a528.dir/build
Building C object CMakeFiles/cmTC_8a528.dir/testCCompiler.c.obj
/usr/local/bin/gcc-arm-none-eabi-5_4-2016q3/bin/arm-none-eabi-gcc    -o CMakeFiles/cmTC_8a528.dir/testCCompiler.c.obj   -c /Users/christianfuller/Desktop/crystallhand-controller/Keyboards/canvas-l.gcc/CMakeFiles/CMakeTmp/testCCompiler.c
Linking C static library libcmTC_8a528.a
/usr/local/Cellar/cmake/3.9.4_1/bin/cmake -P CMakeFiles/cmTC_8a528.dir/cmake_clean_target.cmake
/usr/local/Cellar/cmake/3.9.4_1/bin/cmake -E cmake_link_script CMakeFiles/cmTC_8a528.dir/link.txt --verbose=1
/usr/local/bin/gcc-arm-none-eabi-5_4-2016q3/bin/arm-none-eabi-ar qc libcmTC_8a528.a  CMakeFiles/cmTC_8a528.dir/testCCompiler.c.obj
/usr/local/bin/gcc-arm-none-eabi-5_4-2016q3/bin/arm-none-eabi-ranlib libcmTC_8a528.a


Detecting C compiler ABI info compiled with the following output:
Change Dir: /Users/christianfuller/Desktop/crystallhand-controller/Keyboards/canvas-l.gcc/CMakeFiles/CMakeTmp

Run Build Command:"/usr/bin/make" "cmTC_d134f/fast"
/Applications/Xcode.app/Contents/Developer/usr/bin/make -f CMakeFiles/cmTC_d134f.dir/build.make CMakeFiles/cmTC_d134f.dir/build
Building C object CMakeFiles/cmTC_d134f.dir/CMakeCCompilerABI.c.obj
/usr/local/bin/gcc-arm-none-eabi-5_4-2016q3/bin/arm-none-eabi-gcc    -o CMakeFiles/cmTC_d134f.dir/CMakeCCompilerABI.c.obj   -c /usr/local/Cellar/cmake/3.9.4_1/share/cmake/Modules/CMakeCCompilerABI.c
Linking C static library libcmTC_d134f.a
/usr/local/Cellar/cmake/3.9.4_1/bin/cmake -P CMakeFiles/cmTC_d134f.dir/cmake_clean_target.cmake
/usr/local/Cellar/cmake/3.9.4_1/bin/cmake -E cmake_link_script CMakeFiles/cmTC_d134f.dir/link.txt --verbose=1
/usr/local/bin/gcc-arm-none-eabi-5_4-2016q3/bin/arm-none-eabi-ar qc libcmTC_d134f.a  CMakeFiles/cmTC_d134f.dir/CMakeCCompilerABI.c.obj
/usr/local/bin/gcc-arm-none-eabi-5_4-2016q3/bin/arm-none-eabi-ranlib libcmTC_d134f.a


Parsed C implicit link information from above output:
  link line regex: [^( *|.*[/\])(arm-none-eabi-ld|CMAKE_LINK_STARTFILE-NOTFOUND|([^/\]+-)?ld|collect2)[^/\]*( |$)]
  ignore line: [Change Dir: /Users/christianfuller/Desktop/crystallhand-controller/Keyboards/canvas-l.gcc/CMakeFiles/CMakeTmp]
  ignore line: []
  ignore line: [Run Build Command:"/usr/bin/make" "cmTC_d134f/fast"]
  ignore line: [/Applications/Xcode.app/Contents/Developer/usr/bin/make -f CMakeFiles/cmTC_d134f.dir/build.make CMakeFiles/cmTC_d134f.dir/build]
  ignore line: [Building C object CMakeFiles/cmTC_d134f.dir/CMakeCCompilerABI.c.obj]
  ignore line: [/usr/local/bin/gcc-arm-none-eabi-5_4-2016q3/bin/arm-none-eabi-gcc    -o CMakeFiles/cmTC_d134f.dir/CMakeCCompilerABI.c.obj   -c /usr/local/Cellar/cmake/3.9.4_1/share/cmake/Modules/CMakeCCompilerABI.c]
  ignore line: [Linking C static library libcmTC_d134f.a]
  ignore line: [/usr/local/Cellar/cmake/3.9.4_1/bin/cmake -P CMakeFiles/cmTC_d134f.dir/cmake_clean_target.cmake]
  ignore line: [/usr/local/Cellar/cmake/3.9.4_1/bin/cmake -E cmake_link_script CMakeFiles/cmTC_d134f.dir/link.txt --verbose=1]
  ignore line: [/usr/local/bin/gcc-arm-none-eabi-5_4-2016q3/bin/arm-none-eabi-ar qc libcmTC_d134f.a  CMakeFiles/cmTC_d134f.dir/CMakeCCompilerABI.c.obj]
  ignore line: [/usr/local/bin/gcc-arm-none-eabi-5_4-2016q3/bin/arm-none-eabi-ranlib libcmTC_d134f.a]
  ignore line: []
  implicit libs: []
  implicit dirs: []
  implicit fwks: []




Detecting C [-std=c11] compiler features compiled with the following output:
Change Dir: /Users/christianfuller/Desktop/crystallhand-controller/Keyboards/canvas-l.gcc/CMakeFiles/CMakeTmp

Run Build Command:"/usr/bin/make" "cmTC_39403/fast"
/Applications/Xcode.app/Contents/Developer/usr/bin/make -f CMakeFiles/cmTC_39403.dir/build.make CMakeFiles/cmTC_39403.dir/build
Building C object CMakeFiles/cmTC_39403.dir/feature_tests.c.obj
/usr/local/bin/gcc-arm-none-eabi-5_4-2016q3/bin/arm-none-eabi-gcc   -std=c11 -o CMakeFiles/cmTC_39403.dir/feature_tests.c.obj   -c /Users/christianfuller/Desktop/crystallhand-controller/Keyboards/canvas-l.gcc/CMakeFiles/feature_tests.c
Linking C static library libcmTC_39403.a
/usr/local/Cellar/cmake/3.9.4_1/bin/cmake -P CMakeFiles/cmTC_39403.dir/cmake_clean_target.cmake
/usr/local/Cellar/cmake/3.9.4_1/bin/cmake -E cmake_link_script CMakeFiles/cmTC_39403.dir/link.txt --verbose=1
/usr/local/bin/gcc-arm-none-eabi-5_4-2016q3/bin/arm-none-eabi-ar qc libcmTC_39403.a  CMakeFiles/cmTC_39403.dir/feature_tests.c.obj
/usr/local/bin/gcc-arm-none-eabi-5_4-2016q3/bin/arm-none-eabi-ranlib libcmTC_39403.a


    Feature record: C_FEATURE:1c_function_prototypes
    Feature record: C_FEATURE:1c_restrict
    Feature record: C_FEATURE:1c_static_assert
    Feature record: C_FEATURE:1c_variadic_macros


Detecting C [-std=c99] compiler features compiled with the following output:
Change Dir: /Users/christianfuller/Desktop/crystallhand-controller/Keyboards/canvas-l.gcc/CMakeFiles/CMakeTmp

Run Build Command:"/usr/bin/make" "cmTC_6147e/fast"
/Applications/Xcode.app/Contents/Developer/usr/bin/make -f CMakeFiles/cmTC_6147e.dir/build.make CMakeFiles/cmTC_6147e.dir/build
Building C object CMakeFiles/cmTC_6147e.dir/feature_tests.c.obj
/usr/local/bin/gcc-arm-none-eabi-5_4-2016q3/bin/arm-none-eabi-gcc   -std=c99 -o CMakeFiles/cmTC_6147e.dir/feature_tests.c.obj   -c /Users/christianfuller/Desktop/crystallhand-controller/Keyboards/canvas-l.gcc/CMakeFiles/feature_tests.c
Linking C static library libcmTC_6147e.a
/usr/local/Cellar/cmake/3.9.4_1/bin/cmake -P CMakeFiles/cmTC_6147e.dir/cmake_clean_target.cmake
/usr/local/Cellar/cmake/3.9.4_1/bin/cmake -E cmake_link_script CMakeFiles/cmTC_6147e.dir/link.txt --verbose=1
/usr/local/bin/gcc-arm-none-eabi-5_4-2016q3/bin/arm-none-eabi-ar qc libcmTC_6147e.a  CMakeFiles/cmTC_6147e.dir/feature_tests.c.obj
/usr/local/bin/gcc-arm-none-eabi-5_4-2016q3/bin/arm-none-eabi-ranlib libcmTC_6147e.a


    Feature record: C_FEATURE:1c_function_prototypes
    Feature record: C_FEATURE:1c_restrict
    Feature record: C_FEATURE:0c_static_assert
    Feature record: C_FEATURE:1c_variadic_macros


Detecting C [-std=c90] compiler features compiled with the following output:
Change Dir: /Users/christianfuller/Desktop/crystallhand-controller/Keyboards/canvas-l.gcc/CMakeFiles/CMakeTmp

Run Build Command:"/usr/bin/make" "cmTC_b674c/fast"
/Applications/Xcode.app/Contents/Developer/usr/bin/make -f CMakeFiles/cmTC_b674c.dir/build.make CMakeFiles/cmTC_b674c.dir/build
Building C object CMakeFiles/cmTC_b674c.dir/feature_tests.c.obj
/usr/local/bin/gcc-arm-none-eabi-5_4-2016q3/bin/arm-none-eabi-gcc   -std=c90 -o CMakeFiles/cmTC_b674c.dir/feature_tests.c.obj   -c /Users/christianfuller/Desktop/crystallhand-controller/Keyboards/canvas-l.gcc/CMakeFiles/feature_tests.c
Linking C static library libcmTC_b674c.a
/usr/local/Cellar/cmake/3.9.4_1/bin/cmake -P CMakeFiles/cmTC_b674c.dir/cmake_clean_target.cmake
/usr/local/Cellar/cmake/3.9.4_1/bin/cmake -E cmake_link_script CMakeFiles/cmTC_b674c.dir/link.txt --verbose=1
/usr/local/bin/gcc-arm-none-eabi-5_4-2016q3/bin/arm-none-eabi-ar qc libcmTC_b674c.a  CMakeFiles/cmTC_b674c.dir/feature_tests.c.obj
/usr/local/bin/gcc-arm-none-eabi-5_4-2016q3/bin/arm-none-eabi-ranlib libcmTC_b674c.a


    Feature record: C_FEATURE:1c_function_prototypes
    Feature record: C_FEATURE:0c_restrict
    Feature record: C_FEATURE:0c_static_assert
    Feature record: C_FEATURE:0c_variadic_macros
